2020-08-02 15:27:45.673 INFO - ****************************************************************************************
2020-08-02 15:27:45.679 INFO - ****************************************************************************************
2020-08-02 15:27:45.679 INFO - $$$$$$$$$$$$$$$$$$$$$                 Started    		     $$$$$$$$$$$$$$$$$$
2020-08-02 15:27:45.679 INFO - $$$$$$$$$$$$$$$$$$$$$             Sanity Test Suite                   $$$$$$$$$$$$$$$$$$
2020-08-02 15:27:45.679 INFO - ****************************************************************************************
2020-08-02 15:27:45.679 INFO - ****************************************************************************************
2020-08-02 15:27:53.438 INFO - Test Case Started : TC_OpenURL
2020-08-02 15:27:53.439 INFO -                                                                                         
2020-08-02 15:28:03.011 INFO - AUT URL Entered is :http://automationpractice.com/index.php
2020-08-02 15:28:03.054 INFO - Validating Page Title :My Store
2020-08-02 15:28:04.452 INFO -                                                                                         
2020-08-02 15:28:04.452 INFO - Test Case Ended : TC_OpenURL
2020-08-02 15:28:04.452 INFO - ****************************************************************************************
2020-08-02 15:28:04.452 INFO - Test Case Started : TC_LoginToWebSite
2020-08-02 15:28:04.452 INFO -                                                                                         
2020-08-02 15:28:07.513 INFO - Click on :Link Step Nam is :Click on Sign in
2020-08-02 15:28:07.517 INFO - Entered Text Box Value :test1249@test.com
2020-08-02 15:28:08.207 INFO - Entered Text Box Value :PKR@PKR
2020-08-02 15:28:10.861 INFO - Click on :Button Step Nam is :Click on Login
2020-08-02 15:28:10.937 INFO - Validating Page Element true
2020-08-02 15:28:11.310 INFO -                                                                                         
2020-08-02 15:28:11.310 INFO - Test Case Ended : TC_LoginToWebSite
2020-08-02 15:28:11.310 INFO - ****************************************************************************************
2020-08-02 15:28:11.310 INFO - Test Case Started : TC_Move Cursose to Women Link
2020-08-02 15:28:11.310 INFO -                                                                                         
2020-08-02 15:28:11.904 INFO -                                                                                         
2020-08-02 15:28:11.904 INFO - Test Case Ended : TC_Move Cursose to Women Link
2020-08-02 15:28:11.904 INFO - ****************************************************************************************
2020-08-02 15:28:11.905 INFO - Test Case Started : TC_SelectProduct_AddToCart
2020-08-02 15:28:11.905 INFO -                                                                                         
2020-08-02 15:28:14.816 INFO - Click on :Link Step Nam is :Click on T Shirts
2020-08-02 15:28:18.213 INFO - Click on :Link Step Nam is :Click on more
2020-08-02 15:28:18.309 INFO - Click on :Link Step Nam is :Click on Qnt
2020-08-02 15:28:18.609 INFO - Click on :Link Step Nam is :Select Color
2020-08-02 15:28:18.729 INFO - Click on :Link Step Nam is :Select on Cart
2020-08-02 15:28:21.347 INFO - Click on :Button Step Nam is :Logout 
2020-08-02 15:28:21.365 INFO -                                                                                         
2020-08-02 15:28:21.365 INFO - Test Case Ended : TC_SelectProduct_AddToCart
2020-08-02 15:28:21.365 INFO - ****************************************************************************************
2020-08-02 15:28:21.365 INFO - XXXXXXXXXXXXXXXXXXXXXXX             Sanity Test Suite            XXXXXXXXXXXXXXXXXXXXXX
2020-08-02 15:28:21.365 INFO - XXXXXXXXXXXXXXXXXXXXXXX             -E---N---D-                  XXXXXXXXXXXXXXXXXXXXXX
2020-08-02 15:30:07.985 INFO - ****************************************************************************************
2020-08-02 15:30:07.997 INFO - ****************************************************************************************
2020-08-02 15:30:07.997 INFO - $$$$$$$$$$$$$$$$$$$$$                 Started    		     $$$$$$$$$$$$$$$$$$
2020-08-02 15:30:07.997 INFO - $$$$$$$$$$$$$$$$$$$$$             Sanity Test Suite                   $$$$$$$$$$$$$$$$$$
2020-08-02 15:30:07.997 INFO - ****************************************************************************************
2020-08-02 15:30:07.997 INFO - ****************************************************************************************
2020-08-02 15:30:15.671 INFO - Test Case Started : TC_OpenURL
2020-08-02 15:30:15.671 INFO -                                                                                         
2020-08-02 15:30:26.827 INFO - AUT URL Entered is :http://automationpractice.com/index.php
2020-08-02 15:30:26.871 INFO -                                                                                         
2020-08-02 15:30:26.871 INFO - Test Case Ended : TC_OpenURL
2020-08-02 15:30:26.871 INFO - ****************************************************************************************
2020-08-02 15:30:26.871 INFO - Test Case Started : TC_SelectProduct_AddToWishlist
2020-08-02 15:30:26.875 INFO -                                                                                         
2020-08-02 15:30:31.359 INFO - Click on :Link Step Nam is :Click on T Shirts
2020-08-02 15:30:35.251 INFO - Click on :Link Step Nam is :Click on more
2020-08-02 15:30:35.335 INFO - Click on :Link Step Nam is :Click on Qnt
2020-08-02 15:30:35.599 INFO - Click on :Link Step Nam is :Select Color
2020-08-02 15:30:35.671 INFO - Click on :Link Step Nam is :Select on Cart
2020-08-02 15:30:36.914 INFO - Validating Label :You must be logged in to manage your wishlist.
2020-08-02 15:30:37.723 INFO - Click on :Link Step Nam is :Select Cross Button.
2020-08-02 15:30:37.723 INFO -                                                                                         
2020-08-02 15:30:37.723 INFO - Test Case Ended : TC_SelectProduct_AddToWishlist
2020-08-02 15:30:37.727 INFO - ****************************************************************************************
2020-08-02 15:30:37.727 INFO - XXXXXXXXXXXXXXXXXXXXXXX             Sanity Test Suite            XXXXXXXXXXXXXXXXXXXXXX
2020-08-02 15:30:37.727 INFO - XXXXXXXXXXXXXXXXXXXXXXX             -E---N---D-                  XXXXXXXXXXXXXXXXXXXXXX
2020-08-02 15:31:59.262 INFO - ****************************************************************************************
2020-08-02 15:31:59.274 INFO - ****************************************************************************************
2020-08-02 15:31:59.274 INFO - $$$$$$$$$$$$$$$$$$$$$                 Started    		     $$$$$$$$$$$$$$$$$$
2020-08-02 15:31:59.274 INFO - $$$$$$$$$$$$$$$$$$$$$             Sanity Test Suite                   $$$$$$$$$$$$$$$$$$
2020-08-02 15:31:59.274 INFO - ****************************************************************************************
2020-08-02 15:31:59.274 INFO - ****************************************************************************************
2020-08-02 15:32:06.975 INFO - Test Case Started : TC_OpenURL
2020-08-02 15:32:06.975 INFO -                                                                                         
2020-08-02 15:32:18.461 INFO - AUT URL Entered is :http://automationpractice.com/index.php
2020-08-02 15:32:18.505 INFO -                                                                                         
2020-08-02 15:32:18.505 INFO - Test Case Ended : TC_OpenURL
2020-08-02 15:32:18.509 INFO - ****************************************************************************************
2020-08-02 15:32:18.509 INFO - Test Case Started : TC_SelectProduct_AddToWishlist
2020-08-02 15:32:18.509 INFO -                                                                                         
2020-08-02 15:32:22.334 INFO - Click on :Link Step Nam is :Click on T Shirts
2020-08-02 15:32:26.432 INFO - Click on :Link Step Nam is :Click on more
2020-08-02 15:32:26.517 INFO - Click on :Link Step Nam is :Click on Qnt
2020-08-02 15:32:26.816 INFO - Click on :Link Step Nam is :Select Color
2020-08-02 15:32:26.900 INFO - Click on :Link Step Nam is :Select on Cart
2020-08-02 15:32:27.575 INFO - Validating Label :You must be logged in to manage your.
2020-08-02 15:32:28.395 INFO - Click on :Link Step Nam is :Select Cross Button.
2020-08-02 15:32:28.395 INFO -                                                                                         
2020-08-02 15:32:28.395 INFO - Test Case Ended : TC_SelectProduct_AddToWishlist
2020-08-02 15:32:28.395 INFO - ****************************************************************************************
2020-08-02 15:32:28.395 INFO - XXXXXXXXXXXXXXXXXXXXXXX             Sanity Test Suite            XXXXXXXXXXXXXXXXXXXXXX
2020-08-02 15:32:28.395 INFO - XXXXXXXXXXXXXXXXXXXXXXX             -E---N---D-                  XXXXXXXXXXXXXXXXXXXXXX
2020-08-02 15:38:26.424 INFO - ****************************************************************************************
2020-08-02 15:38:26.434 INFO - ****************************************************************************************
2020-08-02 15:38:26.434 INFO - $$$$$$$$$$$$$$$$$$$$$                 Started    		     $$$$$$$$$$$$$$$$$$
2020-08-02 15:38:26.434 INFO - $$$$$$$$$$$$$$$$$$$$$             Sanity Test Suite                   $$$$$$$$$$$$$$$$$$
2020-08-02 15:38:26.434 INFO - ****************************************************************************************
2020-08-02 15:38:26.434 INFO - ****************************************************************************************
2020-08-02 15:39:25.167 INFO - ****************************************************************************************
2020-08-02 15:39:25.177 INFO - ****************************************************************************************
2020-08-02 15:39:25.177 INFO - $$$$$$$$$$$$$$$$$$$$$                 Started    		     $$$$$$$$$$$$$$$$$$
2020-08-02 15:39:25.177 INFO - $$$$$$$$$$$$$$$$$$$$$             Sanity Test Suite                   $$$$$$$$$$$$$$$$$$
2020-08-02 15:39:25.177 INFO - ****************************************************************************************
2020-08-02 15:39:25.177 INFO - ****************************************************************************************
2020-08-02 15:39:32.342 INFO - Test Case Started : TC_OpenURL
2020-08-02 15:39:32.342 INFO -                                                                                         
2020-08-02 15:39:38.796 INFO - AUT URL Entered is :http://demo.guru99.com/test/drag_drop.html
2020-08-02 15:39:38.802 INFO -                                                                                         
2020-08-02 15:39:38.804 INFO - Test Case Ended : TC_OpenURL
2020-08-02 15:39:38.805 INFO - ****************************************************************************************
2020-08-02 15:39:38.807 INFO - Test Case Started : TC_DragAndDrop
2020-08-02 15:39:38.807 INFO -                                                                                         
2020-08-02 15:39:39.202 INFO - Drag and Drop Perfomed Successfully
2020-08-02 15:39:39.603 INFO - Drag and Drop Perfomed Successfully
2020-08-02 15:39:39.931 INFO - Drag and Drop Perfomed Successfully
2020-08-02 15:39:40.246 INFO - Drag and Drop Perfomed Successfully
2020-08-02 15:39:40.246 INFO -                                                                                         
2020-08-02 15:39:40.250 INFO - Test Case Ended : TC_DragAndDrop
2020-08-02 15:39:40.250 INFO - ****************************************************************************************
2020-08-02 15:39:40.250 INFO - XXXXXXXXXXXXXXXXXXXXXXX             Sanity Test Suite            XXXXXXXXXXXXXXXXXXXXXX
2020-08-02 15:39:40.250 INFO - XXXXXXXXXXXXXXXXXXXXXXX             -E---N---D-                  XXXXXXXXXXXXXXXXXXXXXX
2020-08-02 15:56:54.932 INFO - ****************************************************************************************
2020-08-02 15:56:54.938 INFO - ****************************************************************************************
2020-08-02 15:56:54.942 INFO - $$$$$$$$$$$$$$$$$$$$$                 Started    		     $$$$$$$$$$$$$$$$$$
2020-08-02 15:56:54.942 INFO - $$$$$$$$$$$$$$$$$$$$$             Sanity Test Suite                   $$$$$$$$$$$$$$$$$$
2020-08-02 15:56:54.942 INFO - ****************************************************************************************
2020-08-02 15:56:54.942 INFO - ****************************************************************************************
2020-08-02 15:57:02.572 INFO - Test Case Started : TC_OpenURL
2020-08-02 15:57:02.576 INFO -                                                                                         
2020-08-02 15:57:09.877 INFO - AUT URL Entered is :http://demo.guru99.com/test/drag_drop.html
2020-08-02 15:57:09.890 INFO -                                                                                         
2020-08-02 15:57:09.890 INFO - Test Case Ended : TC_OpenURL
2020-08-02 15:57:09.890 INFO - ****************************************************************************************
2020-08-02 15:57:09.890 INFO - Test Case Started : TC_DragAndDrop
2020-08-02 15:57:09.890 INFO -                                                                                         
2020-08-02 15:57:10.997 INFO - Drag and Drop Perfomed Successfully
2020-08-02 15:57:12.171 INFO - Drag and Drop Perfomed Successfully
2020-08-02 15:57:14.511 INFO - Drag and Drop Perfomed Successfully
2020-08-02 15:57:15.524 INFO - Drag and Drop Perfomed Successfully
2020-08-02 15:57:15.524 INFO -                                                                                         
2020-08-02 15:57:15.524 INFO - Test Case Ended : TC_DragAndDrop
2020-08-02 15:57:15.527 INFO - ****************************************************************************************
2020-08-02 15:57:15.527 INFO - XXXXXXXXXXXXXXXXXXXXXXX             Sanity Test Suite            XXXXXXXXXXXXXXXXXXXXXX
2020-08-02 15:57:15.527 INFO - XXXXXXXXXXXXXXXXXXXXXXX             -E---N---D-                  XXXXXXXXXXXXXXXXXXXXXX
2020-08-02 16:01:29.356 INFO - ****************************************************************************************
2020-08-02 16:01:29.368 INFO - ****************************************************************************************
2020-08-02 16:01:29.368 INFO - $$$$$$$$$$$$$$$$$$$$$                 Started    		     $$$$$$$$$$$$$$$$$$
2020-08-02 16:01:29.368 INFO - $$$$$$$$$$$$$$$$$$$$$             Sanity Test Suite                   $$$$$$$$$$$$$$$$$$
2020-08-02 16:01:29.368 INFO - ****************************************************************************************
2020-08-02 16:01:29.368 INFO - ****************************************************************************************
2020-08-02 16:01:37.079 INFO - Test Case Started : TC_OpenURL
2020-08-02 16:01:37.080 INFO -                                                                                         
2020-08-02 16:01:47.894 INFO - AUT URL Entered is :http://demo.guru99.com/test/drag_drop.html
2020-08-02 16:01:47.897 INFO -                                                                                         
2020-08-02 16:01:47.897 INFO - Test Case Ended : TC_OpenURL
2020-08-02 16:01:47.897 INFO - ****************************************************************************************
2020-08-02 16:01:47.897 INFO - Test Case Started : TC_DragAndDrop
2020-08-02 16:01:47.897 INFO -                                                                                         
2020-08-02 16:01:48.861 INFO - Drag and Drop Perfomed Successfully
2020-08-02 16:01:49.673 INFO - Drag and Drop Perfomed Successfully
2020-08-02 16:01:50.421 INFO - Drag and Drop Perfomed Successfully
2020-08-02 16:01:51.578 INFO - Drag and Drop Perfomed Successfully
2020-08-02 16:01:51.578 INFO -                                                                                         
2020-08-02 16:01:51.578 INFO - Test Case Ended : TC_DragAndDrop
2020-08-02 16:01:51.578 INFO - ****************************************************************************************
2020-08-02 16:01:51.578 INFO - XXXXXXXXXXXXXXXXXXXXXXX             Sanity Test Suite            XXXXXXXXXXXXXXXXXXXXXX
2020-08-02 16:01:51.578 INFO - XXXXXXXXXXXXXXXXXXXXXXX             -E---N---D-                  XXXXXXXXXXXXXXXXXXXXXX
2020-08-02 16:05:29.790 INFO - ****************************************************************************************
2020-08-02 16:05:29.796 INFO - ****************************************************************************************
2020-08-02 16:05:29.796 INFO - $$$$$$$$$$$$$$$$$$$$$                 Started    		     $$$$$$$$$$$$$$$$$$
2020-08-02 16:05:29.796 INFO - $$$$$$$$$$$$$$$$$$$$$             Sanity Test Suite                   $$$$$$$$$$$$$$$$$$
2020-08-02 16:05:29.796 INFO - ****************************************************************************************
2020-08-02 16:05:29.796 INFO - ****************************************************************************************
2020-08-02 16:05:37.155 INFO - Test Case Started : TC_OpenURL
2020-08-02 16:05:37.155 INFO -                                                                                         
2020-08-02 16:05:43.120 INFO - AUT URL Entered is :http://demo.guru99.com/test/drag_drop.html
2020-08-02 16:05:43.125 INFO -                                                                                         
2020-08-02 16:05:43.126 INFO - Test Case Ended : TC_OpenURL
2020-08-02 16:05:43.126 INFO - ****************************************************************************************
2020-08-02 16:05:43.126 INFO - Test Case Started : TC_DragAndDrop
2020-08-02 16:05:43.126 INFO -                                                                                         
2020-08-02 16:05:44.280 INFO - Drag and Drop Perfomed Successfully
2020-08-02 16:05:45.082 INFO - Drag and Drop Perfomed Successfully
2020-08-02 16:05:46.455 INFO - Drag and Drop Perfomed Successfully
2020-08-02 16:05:48.845 INFO - Drag and Drop Perfomed Successfully
2020-08-02 16:05:48.845 INFO -                                                                                         
2020-08-02 16:05:48.845 INFO - Test Case Ended : TC_DragAndDrop
2020-08-02 16:05:48.855 INFO - ****************************************************************************************
2020-08-02 16:05:48.855 INFO - XXXXXXXXXXXXXXXXXXXXXXX             Sanity Test Suite            XXXXXXXXXXXXXXXXXXXXXX
2020-08-02 16:05:48.855 INFO - XXXXXXXXXXXXXXXXXXXXXXX             -E---N---D-                  XXXXXXXXXXXXXXXXXXXXXX
2020-08-02 16:07:32.332 INFO - ****************************************************************************************
2020-08-02 16:07:32.342 INFO - ****************************************************************************************
2020-08-02 16:07:32.342 INFO - $$$$$$$$$$$$$$$$$$$$$                 Started    		     $$$$$$$$$$$$$$$$$$
2020-08-02 16:07:32.342 INFO - $$$$$$$$$$$$$$$$$$$$$             Sanity Test Suite                   $$$$$$$$$$$$$$$$$$
2020-08-02 16:07:32.347 INFO - ****************************************************************************************
2020-08-02 16:07:32.347 INFO - ****************************************************************************************
2020-08-02 16:07:32.352 INFO - ****************************************************************************************
2020-08-02 16:07:32.363 INFO - ****************************************************************************************
2020-08-02 16:07:32.363 INFO - $$$$$$$$$$$$$$$$$$$$$                 Started    		     $$$$$$$$$$$$$$$$$$
2020-08-02 16:07:32.363 INFO - $$$$$$$$$$$$$$$$$$$$$             Sanity Test Suite                   $$$$$$$$$$$$$$$$$$
2020-08-02 16:07:32.363 INFO - ****************************************************************************************
2020-08-02 16:07:32.363 INFO - ****************************************************************************************
2020-08-02 16:07:41.133 INFO - Test Case Started : TC_OpenURL
2020-08-02 16:07:41.137 INFO -                                                                                         
2020-08-02 16:07:41.688 INFO - Test Case Started : TC_OpenURL
2020-08-02 16:07:41.688 INFO -                                                                                         
2020-08-02 16:07:48.044 INFO - AUT URL Entered is :http://demo.guru99.com/test/drag_drop.html
2020-08-02 16:07:48.044 INFO -                                                                                         
2020-08-02 16:07:48.044 INFO - Test Case Ended : TC_OpenURL
2020-08-02 16:07:48.048 INFO - ****************************************************************************************
2020-08-02 16:07:48.048 INFO - Test Case Started : TC_DragAndDrop
2020-08-02 16:07:48.048 INFO -                                                                                         
2020-08-02 16:07:48.562 INFO - AUT URL Entered is :http://demo.guru99.com/test/drag_drop.html
2020-08-02 16:07:48.567 INFO -                                                                                         
2020-08-02 16:07:48.567 INFO - Test Case Ended : TC_OpenURL
2020-08-02 16:07:48.567 INFO - ****************************************************************************************
2020-08-02 16:07:48.567 INFO - Test Case Started : TC_DragAndDrop
2020-08-02 16:07:48.574 INFO -                                                                                         
2020-08-02 16:07:49.909 INFO - Drag and Drop Perfomed Successfully
2020-08-02 16:08:02.639 INFO - Drag and Drop Perfomed Successfully
2020-08-02 16:08:04.170 INFO - Drag and Drop Perfomed Successfully
2020-08-02 16:08:06.909 INFO - Drag and Drop Perfomed Successfully
2020-08-02 16:08:06.909 INFO -                                                                                         
2020-08-02 16:08:06.909 INFO - Test Case Ended : TC_DragAndDrop
2020-08-02 16:08:06.909 INFO - ****************************************************************************************
2020-08-02 16:08:06.909 INFO - XXXXXXXXXXXXXXXXXXXXXXX             Sanity Test Suite            XXXXXXXXXXXXXXXXXXXXXX
2020-08-02 16:08:06.909 INFO - XXXXXXXXXXXXXXXXXXXXXXX             -E---N---D-                  XXXXXXXXXXXXXXXXXXXXXX
2020-08-02 16:10:02.462 INFO - ****************************************************************************************
2020-08-02 16:10:02.476 INFO - ****************************************************************************************
2020-08-02 16:10:02.476 INFO - $$$$$$$$$$$$$$$$$$$$$                 Started    		     $$$$$$$$$$$$$$$$$$
2020-08-02 16:10:02.476 INFO - $$$$$$$$$$$$$$$$$$$$$             Sanity Test Suite                   $$$$$$$$$$$$$$$$$$
2020-08-02 16:10:02.476 INFO - ****************************************************************************************
2020-08-02 16:10:02.476 INFO - ****************************************************************************************
2020-08-02 16:10:10.010 INFO - Test Case Started : TC_OpenURL
2020-08-02 16:10:10.010 INFO -                                                                                         
2020-08-02 16:10:38.917 INFO - ****************************************************************************************
2020-08-02 16:10:38.928 INFO - ****************************************************************************************
2020-08-02 16:10:38.928 INFO - $$$$$$$$$$$$$$$$$$$$$                 Started    		     $$$$$$$$$$$$$$$$$$
2020-08-02 16:10:38.928 INFO - $$$$$$$$$$$$$$$$$$$$$             Sanity Test Suite                   $$$$$$$$$$$$$$$$$$
2020-08-02 16:10:38.928 INFO - ****************************************************************************************
2020-08-02 16:10:38.928 INFO - ****************************************************************************************
2020-08-02 16:10:46.144 INFO - Test Case Started : TC_OpenURL
2020-08-02 16:10:46.144 INFO -                                                                                         
2020-08-02 16:10:53.119 INFO - AUT URL Entered is :http://demo.guru99.com/test/drag_drop.html
2020-08-02 16:10:53.125 INFO -                                                                                         
2020-08-02 16:10:53.126 INFO - Test Case Ended : TC_OpenURL
2020-08-02 16:10:53.126 INFO - ****************************************************************************************
2020-08-02 16:10:53.127 INFO - Test Case Started : TC_DragAndDrop
2020-08-02 16:10:53.127 INFO -                                                                                         
2020-08-02 16:10:54.102 INFO - Drag and Drop Perfomed Successfully
2020-08-02 16:10:54.850 INFO - Drag and Drop Perfomed Successfully
2020-08-02 16:10:55.934 INFO - Drag and Drop Perfomed Successfully
2020-08-02 16:10:58.056 INFO - Drag and Drop Perfomed Successfully
2020-08-02 16:10:58.060 INFO -                                                                                         
2020-08-02 16:10:58.060 INFO - Test Case Ended : TC_DragAndDrop
2020-08-02 16:10:58.060 INFO - ****************************************************************************************
2020-08-02 16:10:58.060 INFO - XXXXXXXXXXXXXXXXXXXXXXX             Sanity Test Suite            XXXXXXXXXXXXXXXXXXXXXX
2020-08-02 16:10:58.064 INFO - XXXXXXXXXXXXXXXXXXXXXXX             -E---N---D-                  XXXXXXXXXXXXXXXXXXXXXX
2020-08-02 16:13:29.495 INFO - ****************************************************************************************
2020-08-02 16:13:29.505 INFO - ****************************************************************************************
2020-08-02 16:13:29.505 INFO - $$$$$$$$$$$$$$$$$$$$$                 Started    		     $$$$$$$$$$$$$$$$$$
2020-08-02 16:13:29.505 INFO - $$$$$$$$$$$$$$$$$$$$$             Sanity Test Suite                   $$$$$$$$$$$$$$$$$$
2020-08-02 16:13:29.505 INFO - ****************************************************************************************
2020-08-02 16:13:29.505 INFO - ****************************************************************************************
2020-08-02 16:13:36.737 INFO - Test Case Started : TC_OpenURL
2020-08-02 16:13:36.737 INFO -                                                                                         
2020-08-02 16:13:43.878 INFO - AUT URL Entered is :http://demo.guru99.com/test/drag_drop.html
2020-08-02 16:13:43.881 INFO -                                                                                         
2020-08-02 16:13:43.882 INFO - Test Case Ended : TC_OpenURL
2020-08-02 16:13:43.882 INFO - ****************************************************************************************
2020-08-02 16:13:43.882 INFO - Test Case Started : TC_DragAndDrop
2020-08-02 16:13:43.883 INFO -                                                                                         
2020-08-02 16:13:44.909 INFO - Drag and Drop Perfomed Successfully
2020-08-02 16:13:45.834 INFO - Drag and Drop Perfomed Successfully
2020-08-02 16:13:46.826 INFO - Drag and Drop Perfomed Successfully
2020-08-02 16:13:48.180 INFO - Drag and Drop Perfomed Successfully
2020-08-02 16:13:48.181 INFO -                                                                                         
2020-08-02 16:13:48.181 INFO - Test Case Ended : TC_DragAndDrop
2020-08-02 16:13:48.181 INFO - ****************************************************************************************
2020-08-02 16:13:48.182 INFO - XXXXXXXXXXXXXXXXXXXXXXX             Sanity Test Suite            XXXXXXXXXXXXXXXXXXXXXX
2020-08-02 16:13:48.182 INFO - XXXXXXXXXXXXXXXXXXXXXXX             -E---N---D-                  XXXXXXXXXXXXXXXXXXXXXX
2020-08-02 16:14:29.587 INFO - ****************************************************************************************
2020-08-02 16:14:29.597 INFO - ****************************************************************************************
2020-08-02 16:14:29.597 INFO - $$$$$$$$$$$$$$$$$$$$$                 Started    		     $$$$$$$$$$$$$$$$$$
2020-08-02 16:14:29.597 INFO - $$$$$$$$$$$$$$$$$$$$$             Sanity Test Suite                   $$$$$$$$$$$$$$$$$$
2020-08-02 16:14:29.597 INFO - ****************************************************************************************
2020-08-02 16:14:29.597 INFO - ****************************************************************************************
2020-08-02 16:14:36.949 INFO - Test Case Started : TC_OpenURL
2020-08-02 16:14:36.949 INFO -                                                                                         
2020-08-02 16:14:45.373 INFO - AUT URL Entered is :http://demo.guru99.com/test/drag_drop.html
2020-08-02 16:14:45.379 INFO -                                                                                         
2020-08-02 16:14:45.380 INFO - Test Case Ended : TC_OpenURL
2020-08-02 16:14:45.380 INFO - ****************************************************************************************
2020-08-02 16:14:45.381 INFO - Test Case Started : TC_DragAndDrop
2020-08-02 16:14:45.381 INFO -                                                                                         
2020-08-02 16:14:46.564 INFO - Drag and Drop Perfomed Successfully
2020-08-02 16:14:47.402 INFO - Drag and Drop Perfomed Successfully
2020-08-02 16:14:48.884 INFO - Drag and Drop Perfomed Successfully
2020-08-02 16:14:51.052 INFO - Drag and Drop Perfomed Successfully
2020-08-02 16:14:51.052 INFO -                                                                                         
2020-08-02 16:14:51.060 INFO - Test Case Ended : TC_DragAndDrop
2020-08-02 16:14:51.064 INFO - ****************************************************************************************
2020-08-02 16:14:51.064 INFO - XXXXXXXXXXXXXXXXXXXXXXX             Sanity Test Suite            XXXXXXXXXXXXXXXXXXXXXX
2020-08-02 16:14:51.064 INFO - XXXXXXXXXXXXXXXXXXXXXXX             -E---N---D-                  XXXXXXXXXXXXXXXXXXXXXX
